Thu 09 Mar 2023 03:53:01 PM UTC: 
 tests:  0|7
total_score: 0/70
e10626d
Thu 16 Mar 2023 03:39:41 PM UTC: 
 exercises.c | 7 +++++--
 1 file changed, 5 insertions(+), 2 deletions(-)
 tests:  1|6
total_score: 10/70
b946625
Thu 16 Mar 2023 03:41:28 PM UTC: 
 exercises.c | 3 ++-
 1 file changed, 2 insertions(+), 1 deletion(-)
 tests:  1|6
total_score: 10/70
c21ac79
Thu 16 Mar 2023 03:43:37 PM UTC: 
 exercises.c | 4 +++-
 1 file changed, 3 insertions(+), 1 deletion(-)
 tests:  1|6
total_score: 10/70
58a3da0
Thu 16 Mar 2023 03:47:51 PM UTC: 
 exercises.c | 19 ++++++++++++++-----
 1 file changed, 14 insertions(+), 5 deletions(-)
In file included from test.c:5:
exercises.c: In function ‘crearVector’:
exercises.c:74:3: error: expected ‘(’ before ‘}’ token
   74 |   }
      |   ^
      |   (
exercises.c: In function ‘obtenerValor’:
exercises.c:93:36: error: expected declaration specifiers before ‘+’ token
   93 | int obtenerValor(Vector * v, int i)+
      |                                    ^
exercises.c:104:1: error: expected ‘=’, ‘,’, ‘;’, ‘asm’ or ‘__attribute__’ before ‘{’ token
  104 | {
      | ^
exercises.c:116:55: error: expected ‘=’, ‘,’, ‘;’, ‘asm’ or ‘__attribute__’ before ‘{’ token
  116 | void sumaV2(int a1, int a2, int b1, int b2, Vector *c){
      |                                                       ^
test.c:9:1: error: parameter ‘test_id’ is initialized
    9 | int test_id = -1;
      | ^~~
test.c:12:14: error: expected ‘=’, ‘,’, ‘;’, ‘asm’ or ‘__attribute__’ before ‘{’ token
   12 | int success(){
      |              ^
test.c:17:24: error: expected ‘=’, ‘,’, ‘;’, ‘asm’ or ‘__attribute__’ before ‘{’ token
   17 | void err_msg(char* msg){
      |                        ^
test.c:24:23: error: expected ‘=’, ‘,’, ‘;’, ‘asm’ or ‘__attribute__’ before ‘{’ token
   24 | void ok_msg(char* msg){
      |                       ^
test.c:30:25: error: expected ‘=’, ‘,’, ‘;’, ‘asm’ or ‘__attribute__’ before ‘{’ token
   30 | void info_msg(char* msg){
      |                         ^
test.c:35:75: error: expected ‘=’, ‘,’, ‘;’, ‘asm’ or ‘__attribute__’ before ‘{’ token
   35 | int test_suite(int(*test)(), char* msg, int max_score, int id, int req_id){
      |                                                                           ^
test.c:51:16: error: expected ‘=’, ‘,’, ‘;’, ‘asm’ or ‘__attribute__’ before ‘{’ token
   51 | int test_swap(){
      |                ^
test.c:73:23: error: expected ‘=’, ‘,’, ‘;’, ‘asm’ or ‘__attribute__’ before ‘{’ token
   73 | int test_arrayMaxMin(){
      |                       ^
test.c:111:17: error: expected ‘=’, ‘,’, ‘;’, ‘asm’ or ‘__attribute__’ before ‘{’ token
  111 | int test_creaP(){
      |                 ^
test.c:136:17: error: expected ‘=’, ‘,’, ‘;’, ‘asm’ or ‘__attribute__’ before ‘{’ token
  136 | int test_creaV(){
      |                 ^
test.c:160:31: error: expected ‘=’, ‘,’, ‘;’, ‘asm’ or ‘__attribute__’ before ‘{’ token
  160 | int test_asignarObtenerValor(){
      |                               ^
test.c:191:17: error: expected ‘=’, ‘,’, ‘;’, ‘asm’ or ‘__attribute__’ before ‘{’ token
  191 | int test_sumaV(){
      |                 ^
test.c:231:18: error: expected ‘=’, ‘,’, ‘;’, ‘asm’ or ‘__attribute__’ before ‘{’ token
  231 | int test_sumaV2(){
      |                  ^
test.c:251:36: error: expected ‘=’, ‘,’, ‘;’, ‘asm’ or ‘__attribute__’ before ‘{’ token
  251 | int main( int argc, char *argv[] ) {
      |                                    ^
In file included from test.c:5:
exercises.c:93:5: error: old-style parameter declarations in prototyped function definition
   93 | int obtenerValor(Vector * v, int i)+
      |     ^~~~~~~~~~~~
test.c:271: error: expected ‘{’ at end of input
  271 | }
      | 
test.c:271: error: control reaches end of non-void function [-Werror=return-type]
  271 | }
      | 
cc1: all warnings being treated as errors
Compilation failed
c06e27d
Thu 16 Mar 2023 03:48:02 PM UTC: 
 exercises.c | 4 ----
 1 file changed, 4 deletions(-)
In file included from test.c:5:
exercises.c: In function ‘obtenerValor’:
exercises.c:89:36: error: expected declaration specifiers before ‘+’ token
   89 | int obtenerValor(Vector * v, int i)+
      |                                    ^
exercises.c:100:1: error: expected ‘=’, ‘,’, ‘;’, ‘asm’ or ‘__attribute__’ before ‘{’ token
  100 | {
      | ^
exercises.c:112:55: error: expected ‘=’, ‘,’, ‘;’, ‘asm’ or ‘__attribute__’ before ‘{’ token
  112 | void sumaV2(int a1, int a2, int b1, int b2, Vector *c){
      |                                                       ^
test.c:9:1: error: parameter ‘test_id’ is initialized
    9 | int test_id = -1;
      | ^~~
test.c:12:14: error: expected ‘=’, ‘,’, ‘;’, ‘asm’ or ‘__attribute__’ before ‘{’ token
   12 | int success(){
      |              ^
test.c:17:24: error: expected ‘=’, ‘,’, ‘;’, ‘asm’ or ‘__attribute__’ before ‘{’ token
   17 | void err_msg(char* msg){
      |                        ^
test.c:24:23: error: expected ‘=’, ‘,’, ‘;’, ‘asm’ or ‘__attribute__’ before ‘{’ token
   24 | void ok_msg(char* msg){
      |                       ^
test.c:30:25: error: expected ‘=’, ‘,’, ‘;’, ‘asm’ or ‘__attribute__’ before ‘{’ token
   30 | void info_msg(char* msg){
      |                         ^
test.c:35:75: error: expected ‘=’, ‘,’, ‘;’, ‘asm’ or ‘__attribute__’ before ‘{’ token
   35 | int test_suite(int(*test)(), char* msg, int max_score, int id, int req_id){
      |                                                                           ^
test.c:51:16: error: expected ‘=’, ‘,’, ‘;’, ‘asm’ or ‘__attribute__’ before ‘{’ token
   51 | int test_swap(){
      |                ^
test.c:73:23: error: expected ‘=’, ‘,’, ‘;’, ‘asm’ or ‘__attribute__’ before ‘{’ token
   73 | int test_arrayMaxMin(){
      |                       ^
test.c:111:17: error: expected ‘=’, ‘,’, ‘;’, ‘asm’ or ‘__attribute__’ before ‘{’ token
  111 | int test_creaP(){
      |                 ^
test.c:136:17: error: expected ‘=’, ‘,’, ‘;’, ‘asm’ or ‘__attribute__’ before ‘{’ token
  136 | int test_creaV(){
      |                 ^
test.c:160:31: error: expected ‘=’, ‘,’, ‘;’, ‘asm’ or ‘__attribute__’ before ‘{’ token
  160 | int test_asignarObtenerValor(){
      |                               ^
test.c:191:17: error: expected ‘=’, ‘,’, ‘;’, ‘asm’ or ‘__attribute__’ before ‘{’ token
  191 | int test_sumaV(){
      |                 ^
test.c:231:18: error: expected ‘=’, ‘,’, ‘;’, ‘asm’ or ‘__attribute__’ before ‘{’ token
  231 | int test_sumaV2(){
      |                  ^
test.c:251:36: error: expected ‘=’, ‘,’, ‘;’, ‘asm’ or ‘__attribute__’ before ‘{’ token
  251 | int main( int argc, char *argv[] ) {
      |                                    ^
In file included from test.c:5:
exercises.c:89:5: error: old-style parameter declarations in prototyped function definition
   89 | int obtenerValor(Vector * v, int i)+
      |     ^~~~~~~~~~~~
test.c:271: error: expected ‘{’ at end of input
  271 | }
      | 
test.c:271: error: control reaches end of non-void function [-Werror=return-type]
  271 | }
      | 
cc1: all warnings being treated as errors
Compilation failed
9825b45
Thu 16 Mar 2023 03:48:12 PM UTC: 
 exercises.c | 2 +-
 1 file changed, 1 insertion(+), 1 deletion(-)
In file included from test.c:5:
exercises.c: In function ‘sumaV’:
exercises.c:101:24: error: expected ‘;’ before ‘!’ token
  101 |   for(int k = 0; k != 0!; k++)
      |                        ^
      |                        ;
exercises.c:103:15: error: invalid operands to binary + (have ‘Vector’ and ‘Vector’)
  103 |       *c = *a + *b;
      |            ~~ ^ ~~
      |            |    |
      |            |    Vector
      |            Vector
Compilation failed
845f36a
Thu 16 Mar 2023 03:48:30 PM UTC: 
 exercises.c | 2 +-
 1 file changed, 1 insertion(+), 1 deletion(-)
In file included from test.c:5:
exercises.c: In function ‘sumaV’:
exercises.c:103:15: error: invalid operands to binary + (have ‘Vector’ and ‘Vector’)
  103 |       *c = *a + *b;
      |            ~~ ^ ~~
      |            |    |
      |            |    Vector
      |            Vector
Compilation failed
863405c
Thu 16 Mar 2023 03:48:56 PM UTC: 
 exercises.c | 2 +-
 1 file changed, 1 insertion(+), 1 deletion(-)
In file included from test.c:5:
exercises.c: In function ‘sumaV’:
exercises.c:103:7: error: invalid type argument of unary ‘*’ (have ‘Vector’)
  103 |       *c[k] = *a[k] + *b[k];
      |       ^~~~~
exercises.c:103:15: error: invalid type argument of unary ‘*’ (have ‘Vector’)
  103 |       *c[k] = *a[k] + *b[k];
      |               ^~~~~
exercises.c:103:23: error: invalid type argument of unary ‘*’ (have ‘Vector’)
  103 |       *c[k] = *a[k] + *b[k];
      |                       ^~~~~
Compilation failed
9dba699
Thu 16 Mar 2023 03:49:32 PM UTC: 
 exercises.c | 2 +-
 1 file changed, 1 insertion(+), 1 deletion(-)
In file included from test.c:5:
exercises.c: In function ‘sumaV’:
exercises.c:103:7: error: invalid type argument of unary ‘*’ (have ‘Vector’)
  103 |       *c[k] = a[k] + b[k];
      |       ^~~~~
exercises.c:103:20: error: invalid operands to binary + (have ‘Vector’ and ‘Vector’)
  103 |       *c[k] = a[k] + b[k];
      |               ~~~~ ^ ~~~~
      |                |      |
      |                Vector Vector
Compilation failed
3bf3748
Thu 16 Mar 2023 03:50:01 PM UTC: 
 exercises.c | 2 +-
 1 file changed, 1 insertion(+), 1 deletion(-)
In file included from test.c:5:
exercises.c: In function ‘sumaV’:
exercises.c:103:7: error: invalid type argument of unary ‘*’ (have ‘Vector’)
  103 |       *c[k] = Vector a[k] + Vector b[k];
      |       ^~~~~
exercises.c:103:15: error: expected expression before ‘Vector’
  103 |       *c[k] = Vector a[k] + Vector b[k];
      |               ^~~~~~
Compilation failed
6dad0a7
Thu 16 Mar 2023 03:51:03 PM UTC: 
 exercises.c | 2 +-
 1 file changed, 1 insertion(+), 1 deletion(-)
In file included from test.c:5:
exercises.c: In function ‘sumaV’:
exercises.c:103:8: error: expected expression before ‘Vector’
  103 |       *Vector c[k] = Vector *a[k] + Vector *b[k];
      |        ^~~~~~
Compilation failed
9bf4c34
Thu 16 Mar 2023 03:51:10 PM UTC: 
 exercises.c | 2 +-
 1 file changed, 1 insertion(+), 1 deletion(-)
In file included from test.c:5:
exercises.c: In function ‘sumaV’:
exercises.c:103:7: error: variable-sized object may not be initialized
  103 |       Vector *c[k] = Vector *a[k] + Vector *b[k];
      |       ^~~~~~
exercises.c:103:22: error: expected expression before ‘Vector’
  103 |       Vector *c[k] = Vector *a[k] + Vector *b[k];
      |                      ^~~~~~
exercises.c:103:15: error: unused variable ‘c’ [-Werror=unused-variable]
  103 |       Vector *c[k] = Vector *a[k] + Vector *b[k];
      |               ^
cc1: all warnings being treated as errors
Compilation failed
402ae64
Thu 16 Mar 2023 03:51:27 PM UTC: 
 exercises.c | 6 +++---
 1 file changed, 3 insertions(+), 3 deletions(-)
 tests:  1|6
total_score: 10/70
dd7f450
Thu 16 Mar 2023 03:53:08 PM UTC: 
 exercises.c | 8 +++++++-
 1 file changed, 7 insertions(+), 1 deletion(-)
In file included from test.c:5:
exercises.c: In function ‘arrayMaxMin’:
exercises.c:30:20: error: comparison between pointer and integer [-Werror]
   30 |   for(int k = 1; k < a; k++)
      |                    ^
exercises.c:32:10: error: invalid operands to binary % (have ‘int *’ and ‘int’)
   32 |     if(a % k == 0)
      |          ^
cc1: all warnings being treated as errors
Compilation failed
440b2e2
Thu 16 Mar 2023 03:54:39 PM UTC: 
 exercises.c | 8 +-------
 1 file changed, 1 insertion(+), 7 deletions(-)
In file included from test.c:5:
exercises.c: In function ‘arrayMaxMin’:
exercises.c:30:8: error: assignment to ‘int’ from ‘int *’ makes integer from pointer without a cast [-Werror=int-conversion]
   30 |   *max = a;
      |        ^
cc1: all warnings being treated as errors
Compilation failed
6393286
Thu 16 Mar 2023 03:54:47 PM UTC: 
 exercises.c | 2 +-
 1 file changed, 1 insertion(+), 1 deletion(-)
 tests:  1|6
total_score: 10/70
8d16ad2
Thu 16 Mar 2023 03:58:23 PM UTC: 
 exercises.c | 11 ++++++++---
 1 file changed, 8 insertions(+), 3 deletions(-)
 tests:  1|6
total_score: 10/70
2b742a7
